# JRE version: OpenJDK Runtime Environment GraalVM CE 22.3.0 (17.0.5+8) (build 17.0.5+8-jvmci-22.3-b08)
# Java VM: OpenJDK 64-Bit Server VM GraalVM CE 22.3.0 (17.0.5+8-jvmci-22.3-b08, mixed mode, sharing, tiered, jvmci, jvmci compiler, compressed oops, compressed class ptrs, parallel gc, linux-amd64)
GC Precious Log:
 CPUs: 8 total, 1 available
 Memory: 1024M
 Large Page Support: Disabled
 NUMA Support: Disabled
 Compressed Oops: Enabled (32-bit)
 Alignments: Space 512K, Generation 512K, Heap 2M
 Heap Min Capacity: 100M
 Heap Initial Capacity: 100M
 Heap Max Capacity: 512M
 Pre-touch: Disabled
 Parallel Workers: 1
Heap:
 PSYoungGen      total 56832K, used 30207K [0x00000000f5580000, 0x00000000fa880000, 0x0000000100000000)
  eden space 30208K, 99% used [0x00000000f5580000,0x00000000f72ffff8,0x00000000f7300000)
  from space 26624K, 0% used [0x00000000f8e80000,0x00000000f8e80000,0x00000000fa880000)
  to   space 25600K, 0% used [0x00000000f7300000,0x00000000f7300000,0x00000000f8c00000)
 ParOldGen       total 349696K, used 349694K [0x00000000e0000000, 0x00000000f5580000, 0x00000000f5580000)
  object space 349696K, 99% used [0x00000000e0000000,0x00000000f557fb20,0x00000000f5580000)
 Metaspace       used 63518K, committed 64384K, reserved 1114112K
  class space    used 6170K, committed 6528K, reserved 1048576K
GC Heap History (20 events):
Event: 2569.532 GC heap before
{Heap before GC invocations=1118 (full 960):
 PSYoungGen      total 56832K, used 30207K [0x00000000f5580000, 0x00000000fa880000, 0x0000000100000000)
  eden space 30208K, 99% used [0x00000000f5580000,0x00000000f72ffff8,0x00000000f7300000)
  from space 26624K, 0% used [0x00000000f8e80000,0x00000000f8e80000,0x00000000fa880000)
  to   space 25600K, 0% used [0x00000000f7300000,0x00000000f7300000,0x00000000f8c00000)
 ParOldGen       total 349696K, used 349684K [0x00000000e0000000, 0x00000000f5580000, 0x00000000f5580000)
  object space 349696K, 99% used [0x00000000e0000000,0x00000000f557d0e8,0x00000000f5580000)
 Metaspace       used 63515K, committed 64384K, reserved 1114112K
  class space    used 6169K, committed 6528K, reserved 1048576K
}
Event: 2571.092 GC heap after
{Heap after GC invocations=1118 (full 960):
 PSYoungGen      total 55808K, used 30207K [0x00000000f5580000, 0x00000000fa880000, 0x0000000100000000)
  eden space 30208K, 99% used [0x00000000f5580000,0x00000000f72ffff8,0x00000000f7300000)
  from space 25600K, 0% used [0x00000000f7300000,0x00000000f7300000,0x00000000f8c00000)
  to   space 26624K, 0% used [0x00000000f8e80000,0x00000000f8e80000,0x00000000fa880000)
 ParOldGen       total 349696K, used 349684K [0x00000000e0000000, 0x00000000f5580000, 0x00000000f5580000)
  object space 349696K, 99% used [0x00000000e0000000,0x00000000f557d0d0,0x00000000f5580000)
 Metaspace       used 63515K, committed 64384K, reserved 1114112K
  class space    used 6169K, committed 6528K, reserved 1048576K
}
Event: 2571.093 GC heap before
{Heap before GC invocations=1119 (full 961):
 PSYoungGen      total 55808K, used 30207K [0x00000000f5580000, 0x00000000fa880000, 0x0000000100000000)
  eden space 30208K, 99% used [0x00000000f5580000,0x00000000f72ffff8,0x00000000f7300000)
  from space 25600K, 0% used [0x00000000f7300000,0x00000000f7300000,0x00000000f8c00000)
  to   space 26624K, 0% used [0x00000000f8e80000,0x00000000f8e80000,0x00000000fa880000)
 ParOldGen       total 349696K, used 349685K [0x00000000e0000000, 0x00000000f5580000, 0x00000000f5580000)
  object space 349696K, 99% used [0x00000000e0000000,0x00000000f557d690,0x00000000f5580000)
 Metaspace       used 63515K, committed 64384K, reserved 1114112K
  class space    used 6169K, committed 6528K, reserved 1048576K
}
Event: 2572.166 GC heap after
{Heap after GC invocations=1119 (full 961):
 PSYoungGen      total 56832K, used 30207K [0x00000000f5580000, 0x00000000fa880000, 0x0000000100000000)
  eden space 30208K, 99% used [0x00000000f5580000,0x00000000f72fffe0,0x00000000f7300000)
  from space 26624K, 0% used [0x00000000f8e80000,0x00000000f8e80000,0x00000000fa880000)
  to   space 25600K, 0% used [0x00000000f7300000,0x00000000f7300000,0x00000000f8c00000)
 ParOldGen       total 349696K, used 349684K [0x00000000e0000000, 0x00000000f5580000, 0x00000000f5580000)
  object space 349696K, 99% used [0x00000000e0000000,0x00000000f557d1d0,0x00000000f5580000)
 Metaspace       used 63515K, committed 64384K, reserved 1114112K
  class space    used 6169K, committed 6528K, reserved 1048576K
}
Event: 2572.168 GC heap before
{Heap before GC invocations=1120 (full 962):
 PSYoungGen      total 56832K, used 30207K [0x00000000f5580000, 0x00000000fa880000, 0x0000000100000000)
  eden space 30208K, 99% used [0x00000000f5580000,0x00000000f72ffff0,0x00000000f7300000)
  from space 26624K, 0% used [0x00000000f8e80000,0x00000000f8e80000,0x00000000fa880000)
  to   space 25600K, 0% used [0x00000000f7300000,0x00000000f7300000,0x00000000f8c00000)
 ParOldGen       total 349696K, used 349684K [0x00000000e0000000, 0x00000000f5580000, 0x00000000f5580000)
  object space 349696K, 99% used [0x00000000e0000000,0x00000000f557d1d0,0x00000000f5580000)
 Metaspace       used 63515K, committed 64384K, reserved 1114112K
  class space    used 6169K, committed 6528K, reserved 1048576K
}
Event: 2574.270 GC heap after
{Heap after GC invocations=1120 (full 962):
 PSYoungGen      total 55808K, used 30207K [0x00000000f5580000, 0x00000000fa880000, 0x0000000100000000)
  eden space 30208K, 99% used [0x00000000f5580000,0x00000000f72ffff0,0x00000000f7300000)
  from space 25600K, 0% used [0x00000000f7300000,0x00000000f7300000,0x00000000f8c00000)
  to   space 26624K, 0% used [0x00000000f8e80000,0x00000000f8e80000,0x00000000fa880000)
 ParOldGen       total 349696K, used 349684K [0x00000000e0000000, 0x00000000f5580000, 0x00000000f5580000)
  object space 349696K, 99% used [0x00000000e0000000,0x00000000f557d1d0,0x00000000f5580000)
 Metaspace       used 63515K, committed 64384K, reserved 1114112K
  class space    used 6169K, committed 6528K, reserved 1048576K
}
Event: 2574.272 GC heap before
{Heap before GC invocations=1121 (full 963):
 PSYoungGen      total 55808K, used 30208K [0x00000000f5580000, 0x00000000fa880000, 0x0000000100000000)
  eden space 30208K, 100% used [0x00000000f5580000,0x00000000f7300000,0x00000000f7300000)
  from space 25600K, 0% used [0x00000000f7300000,0x00000000f7300000,0x00000000f8c00000)
  to   space 26624K, 0% used [0x00000000f8e80000,0x00000000f8e80000,0x00000000fa880000)
 ParOldGen       total 349696K, used 349687K [0x00000000e0000000, 0x00000000f5580000, 0x00000000f5580000)
  object space 349696K, 99% used [0x00000000e0000000,0x00000000f557df00,0x00000000f5580000)
 Metaspace       used 63516K, committed 64384K, reserved 1114112K
  class space    used 6169K, committed 6528K, reserved 1048576K
}
Event: 2576.294 GC heap after
{Heap after GC invocations=1121 (full 963):
 PSYoungGen      total 56832K, used 30207K [0x00000000f5580000, 0x00000000fa880000, 0x0000000100000000)
  eden space 30208K, 99% used [0x00000000f5580000,0x00000000f72fffc0,0x00000000f7300000)
  from space 26624K, 0% used [0x00000000f8e80000,0x00000000f8e80000,0x00000000fa880000)
  to   space 25600K, 0% used [0x00000000f7300000,0x00000000f7300000,0x00000000f8c00000)
 ParOldGen       total 349696K, used 349685K [0x00000000e0000000, 0x00000000f5580000, 0x00000000f5580000)
  object space 349696K, 99% used [0x00000000e0000000,0x00000000f557d4b8,0x00000000f5580000)
 Metaspace       used 63516K, committed 64384K, reserved 1114112K
  class space    used 6169K, committed 6528K, reserved 1048576K
}
Event: 2576.295 GC heap before
{Heap before GC invocations=1122 (full 964):
 PSYoungGen      total 56832K, used 30207K [0x00000000f5580000, 0x00000000fa880000, 0x0000000100000000)
  eden space 30208K, 99% used [0x00000000f5580000,0x00000000f72ffff8,0x00000000f7300000)
  from space 26624K, 0% used [0x00000000f8e80000,0x00000000f8e80000,0x00000000fa880000)
  to   space 25600K, 0% used [0x00000000f7300000,0x00000000f7300000,0x00000000f8c00000)
 ParOldGen       total 349696K, used 349685K [0x00000000e0000000, 0x00000000f5580000, 0x00000000f5580000)
  object space 349696K, 99% used [0x00000000e0000000,0x00000000f557d4b8,0x00000000f5580000)
 Metaspace       used 63516K, committed 64384K, reserved 1114112K
  class space    used 6169K, committed 6528K, reserved 1048576K
}
Event: 2577.193 GC heap after
{Heap after GC invocations=1122 (full 964):
 PSYoungGen      total 55808K, used 30207K [0x00000000f5580000, 0x00000000fa880000, 0x0000000100000000)
  eden space 30208K, 99% used [0x00000000f5580000,0x00000000f72ffff8,0x00000000f7300000)
  from space 25600K, 0% used [0x00000000f7300000,0x00000000f7300000,0x00000000f8c00000)
  to   space 26624K, 0% used [0x00000000f8e80000,0x00000000f8e80000,0x00000000fa880000)
 ParOldGen       total 349696K, used 349685K [0x00000000e0000000, 0x00000000f5580000, 0x00000000f5580000)
  object space 349696K, 99% used [0x00000000e0000000,0x00000000f557d4b8,0x00000000f5580000)
 Metaspace       used 63516K, committed 64384K, reserved 1114112K
  class space    used 6169K, committed 6528K, reserved 1048576K
}
Event: 2577.194 GC heap before
{Heap before GC invocations=1123 (full 965):
 PSYoungGen      total 55808K, used 30207K [0x00000000f5580000, 0x00000000fa880000, 0x0000000100000000)
  eden space 30208K, 99% used [0x00000000f5580000,0x00000000f72ffff8,0x00000000f7300000)
  from space 25600K, 0% used [0x00000000f7300000,0x00000000f7300000,0x00000000f8c00000)
  to   space 26624K, 0% used [0x00000000f8e80000,0x00000000f8e80000,0x00000000fa880000)
 ParOldGen       total 349696K, used 349695K [0x00000000e0000000, 0x00000000f5580000, 0x00000000f5580000)
  object space 349696K, 99% used [0x00000000e0000000,0x00000000f557fd88,0x00000000f5580000)
 Metaspace       used 63518K, committed 64384K, reserved 1114112K
  class space    used 6170K, committed 6528K, reserved 1048576K
}
Event: 2578.472 GC heap after
{Heap after GC invocations=1123 (full 965):
 PSYoungGen      total 56832K, used 30207K [0x00000000f5580000, 0x00000000fa880000, 0x0000000100000000)
  eden space 30208K, 99% used [0x00000000f5580000,0x00000000f72fffc8,0x00000000f7300000)
  from space 26624K, 0% used [0x00000000f8e80000,0x00000000f8e80000,0x00000000fa880000)
  to   space 25600K, 0% used [0x00000000f7300000,0x00000000f7300000,0x00000000f8c00000)
 ParOldGen       total 349696K, used 349690K [0x00000000e0000000, 0x00000000f5580000, 0x00000000f5580000)
  object space 349696K, 99% used [0x00000000e0000000,0x00000000f557e848,0x00000000f5580000)
 Metaspace       used 63518K, committed 64384K, reserved 1114112K
  class space    used 6170K, committed 6528K, reserved 1048576K
}
Event: 2578.472 GC heap before
{Heap before GC invocations=1124 (full 966):
 PSYoungGen      total 56832K, used 30207K [0x00000000f5580000, 0x00000000fa880000, 0x0000000100000000)
  eden space 30208K, 99% used [0x00000000f5580000,0x00000000f72ffff8,0x00000000f7300000)
  from space 26624K, 0% used [0x00000000f8e80000,0x00000000f8e80000,0x00000000fa880000)
  to   space 25600K, 0% used [0x00000000f7300000,0x00000000f7300000,0x00000000f8c00000)
 ParOldGen       total 349696K, used 349690K [0x00000000e0000000, 0x00000000f5580000, 0x00000000f5580000)
  object space 349696K, 99% used [0x00000000e0000000,0x00000000f557e848,0x00000000f5580000)
 Metaspace       used 63518K, committed 64384K, reserved 1114112K
  class space    used 6170K, committed 6528K, reserved 1048576K
}
Event: 2579.902 GC heap after
{Heap after GC invocations=1124 (full 966):
 PSYoungGen      total 55808K, used 30207K [0x00000000f5580000, 0x00000000fa880000, 0x0000000100000000)
  eden space 30208K, 99% used [0x00000000f5580000,0x00000000f72ffff8,0x00000000f7300000)
  from space 25600K, 0% used [0x00000000f7300000,0x00000000f7300000,0x00000000f8c00000)
  to   space 26624K, 0% used [0x00000000f8e80000,0x00000000f8e80000,0x00000000fa880000)
 ParOldGen       total 349696K, used 349690K [0x00000000e0000000, 0x00000000f5580000, 0x00000000f5580000)
  object space 349696K, 99% used [0x00000000e0000000,0x00000000f557e830,0x00000000f5580000)
 Metaspace       used 63518K, committed 64384K, reserved 1114112K
  class space    used 6170K, committed 6528K, reserved 1048576K
}
Event: 2579.903 GC heap before
{Heap before GC invocations=1125 (full 967):
 PSYoungGen      total 55808K, used 30207K [0x00000000f5580000, 0x00000000fa880000, 0x0000000100000000)
  eden space 30208K, 99% used [0x00000000f5580000,0x00000000f72ffff8,0x00000000f7300000)
  from space 25600K, 0% used [0x00000000f7300000,0x00000000f7300000,0x00000000f8c00000)
  to   space 26624K, 0% used [0x00000000f8e80000,0x00000000f8e80000,0x00000000fa880000)
 ParOldGen       total 349696K, used 349695K [0x00000000e0000000, 0x00000000f5580000, 0x00000000f5580000)
  object space 349696K, 99% used [0x00000000e0000000,0x00000000f557fc70,0x00000000f5580000)
 Metaspace       used 63518K, committed 64384K, reserved 1114112K
  class space    used 6170K, committed 6528K, reserved 1048576K
}
Event: 2582.056 GC heap after
{Heap after GC invocations=1125 (full 967):
 PSYoungGen      total 56832K, used 30207K [0x00000000f5580000, 0x00000000fa880000, 0x0000000100000000)
  eden space 30208K, 99% used [0x00000000f5580000,0x00000000f72ffff8,0x00000000f7300000)
  from space 26624K, 0% used [0x00000000f8e80000,0x00000000f8e80000,0x00000000fa880000)
  to   space 25600K, 0% used [0x00000000f7300000,0x00000000f7300000,0x00000000f8c00000)
 ParOldGen       total 349696K, used 349693K [0x00000000e0000000, 0x00000000f5580000, 0x00000000f5580000)
  object space 349696K, 99% used [0x00000000e0000000,0x00000000f557f770,0x00000000f5580000)
 Metaspace       used 63518K, committed 64384K, reserved 1114112K
  class space    used 6170K, committed 6528K, reserved 1048576K
}
Event: 2582.056 GC heap before
{Heap before GC invocations=1126 (full 968):
 PSYoungGen      total 56832K, used 30207K [0x00000000f5580000, 0x00000000fa880000, 0x0000000100000000)
  eden space 30208K, 99% used [0x00000000f5580000,0x00000000f72ffff8,0x00000000f7300000)
  from space 26624K, 0% used [0x00000000f8e80000,0x00000000f8e80000,0x00000000fa880000)
  to   space 25600K, 0% used [0x00000000f7300000,0x00000000f7300000,0x00000000f8c00000)
 ParOldGen       total 349696K, used 349694K [0x00000000e0000000, 0x00000000f5580000, 0x00000000f5580000)
  object space 349696K, 99% used [0x00000000e0000000,0x00000000f557f990,0x00000000f5580000)
 Metaspace       used 63518K, committed 64384K, reserved 1114112K
  class space    used 6170K, committed 6528K, reserved 1048576K
}
Event: 2583.534 GC heap after
{Heap after GC invocations=1126 (full 968):
 PSYoungGen      total 55808K, used 30207K [0x00000000f5580000, 0x00000000fa880000, 0x0000000100000000)
  eden space 30208K, 99% used [0x00000000f5580000,0x00000000f72ffff8,0x00000000f7300000)
  from space 25600K, 0% used [0x00000000f7300000,0x00000000f7300000,0x00000000f8c00000)
  to   space 26624K, 0% used [0x00000000f8e80000,0x00000000f8e80000,0x00000000fa880000)
 ParOldGen       total 349696K, used 349693K [0x00000000e0000000, 0x00000000f5580000, 0x00000000f5580000)
  object space 349696K, 99% used [0x00000000e0000000,0x00000000f557f728,0x00000000f5580000)
 Metaspace       used 63518K, committed 64384K, reserved 1114112K
  class space    used 6170K, committed 6528K, reserved 1048576K
}
Event: 2583.534 GC heap before
{Heap before GC invocations=1127 (full 969):
 PSYoungGen      total 55808K, used 30207K [0x00000000f5580000, 0x00000000fa880000, 0x0000000100000000)
  eden space 30208K, 99% used [0x00000000f5580000,0x00000000f72ffff8,0x00000000f7300000)
  from space 25600K, 0% used [0x00000000f7300000,0x00000000f7300000,0x00000000f8c00000)
  to   space 26624K, 0% used [0x00000000f8e80000,0x00000000f8e80000,0x00000000fa880000)
 ParOldGen       total 349696K, used 349693K [0x00000000e0000000, 0x00000000f5580000, 0x00000000f5580000)
  object space 349696K, 99% used [0x00000000e0000000,0x00000000f557f728,0x00000000f5580000)
 Metaspace       used 63518K, committed 64384K, reserved 1114112K
  class space    used 6170K, committed 6528K, reserved 1048576K
}
Event: 2585.485 GC heap after
{Heap after GC invocations=1127 (full 969):
 PSYoungGen      total 56832K, used 30207K [0x00000000f5580000, 0x00000000fa880000, 0x0000000100000000)
  eden space 30208K, 99% used [0x00000000f5580000,0x00000000f72ffff8,0x00000000f7300000)
  from space 26624K, 0% used [0x00000000f8e80000,0x00000000f8e80000,0x00000000fa880000)
  to   space 25600K, 0% used [0x00000000f7300000,0x00000000f7300000,0x00000000f8c00000)
 ParOldGen       total 349696K, used 349693K [0x00000000e0000000, 0x00000000f5580000, 0x00000000f5580000)
  object space 349696K, 99% used [0x00000000e0000000,0x00000000f557f728,0x00000000f5580000)
 Metaspace       used 63518K, committed 64384K, reserved 1114112K
  class space    used 6170K, committed 6528K, reserved 1048576K
}

